This is pdfTeX, Version 3.1415926-1.40.10 (TeX Live 2009/Debian) (format=pdflatex 2013.1.11)  30 MAY 2013 12:52
entering extended mode
 \write18 enabled.
 %&-line parsing enabled.
**project_suite_user_guide.tex
(./project_suite_user_guide.tex
LaTeX2e <2009/09/24>
Babel <v3.8l> and hyphenation patterns for english, usenglishmax, dumylang, noh
yphenation, loaded.
(/usr/share/texmf-texlive/tex/latex/memoir/memoir.cls
Document Class: memoir 2009/09/21 v1.61803398b configurable book, report, artic
le document class
\onelineskip=\skip41
\lxvchars=\skip42
\xlvchars=\skip43
\@memcnta=\count79
\c@@memmarkcntra=\count80
(/usr/share/texmf-texlive/tex/generic/oberdiek/ifpdf.sty
Package: ifpdf 2009/04/10 v2.0 Provides the ifpdf switch (HO)
Package ifpdf Info: pdfTeX in pdf mode detected.
)
Class memoir Info: An `ifetex' package is being emulated on input line 251.

(/usr/share/texmf-texlive/tex/generic/ifxetex/ifxetex.sty
Package: ifxetex 2009/01/23 v0.5 Provides ifxetex conditional
)
(/usr/share/texmf-texlive/tex/generic/oberdiek/ifluatex.sty
Package: ifluatex 2009/04/17 v1.2 Provides the ifluatex switch (HO)
Package ifluatex Info: LuaTeX not detected.
)
\stockheight=\skip44
\stockwidth=\skip45
\trimtop=\skip46
\trimedge=\skip47

(/usr/share/texmf-texlive/tex/latex/etex-pkg/etex.sty
Package: etex 1998/03/26 v2.0 eTeX basic definition package (PEB)
\et@xins=\count81
)
(/usr/share/texmf-texlive/tex/latex/memoir/mem11.clo
File: mem11.clo 2008/01/30 v0.3 memoir class 11pt size option
)
\binding=\skip48
\spinemargin=\skip49
\foremargin=\skip50
\uppermargin=\skip51
\lowermargin=\skip52
\headdrop=\skip53
\normalrulethickness=\skip54
\headwidth=\skip55
\c@storedpagenumber=\count82
\memPD=\dimen102
\m@mabparskip=\skip56
\thanksmarkwidth=\skip57
\thanksmarksep=\skip58
\droptitle=\skip59
\c@book=\count83
\c@part=\count84
\c@chapter=\count85
\c@section=\count86
\c@subsection=\count87
\c@subsubsection=\count88
\c@paragraph=\count89
\c@subparagraph=\count90
\beforechapskip=\skip60
\midchapskip=\skip61
\afterchapskip=\skip62
\chapindent=\skip63
\bottomsectionskip=\skip64
\secindent=\skip65
\beforesecskip=\skip66
\aftersecskip=\skip67
\subsecindent=\skip68
\beforesubsecskip=\skip69
\aftersubsecskip=\skip70
\subsubsecindent=\skip71
\beforesubsubsecskip=\skip72
\aftersubsubsecskip=\skip73
\paraindent=\skip74
\beforeparaskip=\skip75
\afterparaskip=\skip76
\subparaindent=\skip77
\beforesubparaskip=\skip78
\aftersubparaskip=\skip79
\pfbreakskip=\skip80
\c@@ppsavesec=\count91
\c@@ppsaveapp=\count92
\ragrparindent=\dimen103
\everylistparindent=\dimen104
\parsepi=\skip81
\topsepi=\skip82
\itemsepi=\skip83
\parsepii=\skip84
\topsepii=\skip85
\topsepiii=\skip86
\itemsepii=\skip87
\itemsepiii=\skip88
\partopsepii=\skip89
\partopsepiii=\skip90
\m@msavetopsep=\skip91
\m@msavepartopsep=\skip92
\@enLab=\toks14
\abstitleskip=\skip93
\absleftindent=\skip94
\abs@leftindent=\dimen105
\absrightindent=\skip95
\absparindent=\skip96
\absparsep=\skip97
\c@vslineno=\count93
\c@poemline=\count94
\c@modulo@vs=\count95
\c@memfvsline=\count96
\vleftskip=\skip98
\vrightskip=\skip99
\stanzaskip=\skip100
\versewidth=\skip101
\vgap=\skip102
\vindent=\skip103
\vleftmargin=\dimen106
\c@verse=\count97
\c@chrsinstr=\count98
\beforepoemtitleskip=\skip104
\afterpoemtitleskip=\skip105
\c@poem=\count99
\beforePoemTitleskip=\skip106
\midPoemTitleskip=\skip107
\afterPoemTitleskip=\skip108
\col@sep=\dimen107
\extrarowheight=\dimen108
\NC@list=\toks15
\extratabsurround=\skip109
\backup@length=\skip110
\TX@col@width=\dimen109
\TX@old@table=\dimen110
\TX@old@col=\dimen111
\TX@target=\dimen112
\TX@delta=\dimen113
\TX@cols=\count100
\TX@ftn=\toks16
\heavyrulewidth=\dimen114
\lightrulewidth=\dimen115
\cmidrulewidth=\dimen116
\belowrulesep=\dimen117
\belowbottomsep=\dimen118
\aboverulesep=\dimen119
\abovetopsep=\dimen120
\cmidrulesep=\dimen121
\cmidrulekern=\dimen122
\defaultaddspace=\dimen123
\@cmidla=\count101
\@cmidlb=\count102
\@aboverulesep=\dimen124
\@belowrulesep=\dimen125
\@thisruleclass=\count103
\@lastruleclass=\count104
\@thisrulewidth=\dimen126
\ctableftskip=\skip111
\ctabrightskip=\skip112
\abovecolumnspenalty=\count105
\@linestogo=\count106
\@cellstogo=\count107
\@cellsincolumn=\count108
\crtok=\toks17
\@mincolumnwidth=\dimen127
\c@newflo@tctr=\count109
\@contcwidth=\skip113
\@contindw=\skip114
\abovecaptionskip=\skip115
\belowcaptionskip=\skip116
\subfloattopskip=\skip117
\subfloatcapskip=\skip118
\subfloatcaptopadj=\skip119
\subfloatbottomskip=\skip120
\subfloatlabelskip=\skip121
\subfloatcapmargin=\dimen128
\c@@contsubnum=\count110
\m@mscap@capbox=\box26
\m@mscap@fbox=\box27
\sidecapsep=\dimen129
\sidecapwidth=\dimen130
\m@m@tempdima=\dimen131
\m@mscapraise=\dimen132
\sidecapraise=\dimen133
\m@mscapmainwidth=\dimen134
\m@mscaplkern=\dimen135
\beforeepigraphskip=\skip122
\afterepigraphskip=\skip123
\epigraphwidth=\skip124
\epigraphrule=\skip125
LaTeX Info: Redefining \em on input line 7000.
LaTeX Info: Redefining \emph on input line 7008.
\tocentryskip=\skip126
\tocbaseline=\skip127
\cftparskip=\skip128
\cftbeforebookskip=\skip129
\cftbookindent=\dimen136
\cftbooknumwidth=\dimen137
\cftbeforepartskip=\skip130
\cftpartindent=\skip131
\cftpartnumwidth=\skip132
\cftbeforechapterskip=\skip133
\cftchapterindent=\skip134
\cftchapternumwidth=\skip135
\cftbeforesectionskip=\skip136
\cftsectionindent=\skip137
\cftsectionnumwidth=\skip138
\cftbeforesubsectionskip=\skip139
\cftsubsectionindent=\skip140
\cftsubsectionnumwidth=\skip141
\cftbeforesubsubsectionskip=\skip142
\cftsubsubsectionindent=\skip143
\cftsubsubsectionnumwidth=\skip144
\cftbeforeparagraphskip=\skip145
\cftparagraphindent=\skip146
\cftparagraphnumwidth=\skip147
\cftbeforesubparagraphskip=\skip148
\cftsubparagraphindent=\skip149
\cftsubparagraphnumwidth=\skip150
\prechapterprecisshift=\dimen138
\c@maxsecnumdepth=\count111
\bibindent=\dimen139
\bibitemsep=\skip151
\indexcolsep=\skip152
\indexrule=\skip153
\indexmarkstyle=\toks18
\@indexbox=\insert233
\glossarycolsep=\dimen140
\glossaryrule=\dimen141
\sideparvshift=\skip154
\sideins=\insert232
\sidebartopsep=\skip155
\sidebarhsep=\skip156
\sidebarvsep=\skip157
\sidebarwidth=\skip158
\footmarkwidth=\skip159
\footmarksep=\skip160
\footparindent=\skip161
\footinsdim=\skip162
\footinsv@r=\insert231
\@mpfootinsv@r=\insert230
\m@m@k=\count112
\m@m@h=\dimen142
\m@mipn@skip=\skip163
\c@pagenote=\count113
\every@verbatim=\toks19
\afterevery@verbatim=\toks20
\verbatim@line=\toks21
\tab@position=\count114
\verbatim@in@stream=\read1
\verbatimindent=\skip164
\verbatim@out=\write3
\bvboxsep=\skip165
\c@memfbvline=\count115
\c@bvlinectr=\count116
\bvnumlength=\skip166
\fb@frw=\dimen143
\fb@frh=\dimen144
\FrameRule=\dimen145
\FrameSep=\dimen146
\c@cp@cntr=\count117
LaTeX Info: Redefining \: on input line 10864.
LaTeX Info: Redefining \! on input line 10866.
\c@ism@mctr=\count118
\c@xsm@mctr=\count119
\c@csm@mctr=\count120
\c@ksm@mctr=\count121
\c@xksm@mctr=\count122
\c@cksm@mctr=\count123
\c@msm@mctr=\count124
\c@xmsm@mctr=\count125
\c@cmsm@mctr=\count126
\c@bsm@mctr=\count127
\c@workm@mctr=\count128
\c@sheetsequence=\count129
\c@lastsheet=\count130
\c@lastpage=\count131
\c@figure=\count132
\c@lofdepth=\count133
\cftbeforefigureskip=\skip167
\cftfigureindent=\skip168
\cftfigurenumwidth=\skip169
\c@table=\count134
\c@lotdepth=\count135
\cftbeforetableskip=\skip170
\cfttableindent=\skip171
\cfttablenumwidth=\skip172
Package abstract [2008/07/23] emulated by memoir.
Package appendix [2008/07/23] emulated by memoir.
Package array [2008/07/23] emulated by memoir.
Package booktabs [2008/07/23] emulated by memoir.
Package ccaption [2008/07/23] emulated by memoir.
Package changepage [2008/07/23] emulated by memoir.
Package chngcntr [2008/07/23] emulated by memoir.
Package chngpage [2008/07/23] emulated by memoir.
Package crop emulated by memoir.
Package dcolumn [2008/07/23] emulated by memoir.
Package delarray [2008/07/23] emulated by memoir.
Package enumerate [2008/07/23] emulated by memoir.
Package epigraph [2008/07/23] emulated by memoir.
Package ifmtarg [2008/07/23] emulated by memoir.
Package ifetex [2008/07/23] emulated by memoir.
Package index [2008/07/23] emulated by memoir.
Package makeidx [2008/07/23] emulated by memoir.
Package moreverb [2008/07/23] emulated by memoir.
Package mparhack [2008/07/23] emulated by memoir.
Package needspace [2008/07/23] emulated by memoir.
Package newfile [2008/07/23] emulated by memoir.
Package nextpage [2008/07/23] emulated by memoir.
Package pagenote [2008/07/23] emulated by memoir.
Package parskip [2008/07/23] emulated by memoir.
Package patchcmd [2008/07/23] emulated by memoir.
Package setspace [2008/07/23] emulated by memoir.
Package shortvrb [2008/07/23] emulated by memoir.
Package showidx [2008/07/23] emulated by memoir.
Package tabularx [2008/07/23] emulated by memoir.
Package titleref [2008/07/23] emulated by memoir.
Package titling [2008/07/23] emulated by memoir.
Package tocbibind [2008/07/23] emulated by memoir.
Package tocloft [2008/07/23] emulated by memoir.
Package verbatim [2008/07/23] emulated by memoir.
Package verse [2008/07/23] emulated by memoir.

(/usr/share/texmf-texlive/tex/latex/memoir/mempatch.sty
Package: mempatch 2009/07/24 v6.0f Patches for memoir class v1.6180339
))
(/usr/share/texmf-texlive/tex/latex/amsmath/amsmath.sty
Package: amsmath 2000/07/18 v2.13 AMS math features
\@mathmargin=\skip173

For additional information on amsmath, use the `?' option.
(/usr/share/texmf-texlive/tex/latex/amsmath/amstext.sty
Package: amstext 2000/06/29 v2.01

(/usr/share/texmf-texlive/tex/latex/amsmath/amsgen.sty
File: amsgen.sty 1999/11/30 v2.0
\@emptytoks=\toks22
\ex@=\dimen147
))
(/usr/share/texmf-texlive/tex/latex/amsmath/amsbsy.sty
Package: amsbsy 1999/11/29 v1.2d
\pmbraise@=\dimen148
)
(/usr/share/texmf-texlive/tex/latex/amsmath/amsopn.sty
Package: amsopn 1999/12/14 v2.01 operator names
)
\inf@bad=\count136
LaTeX Info: Redefining \frac on input line 211.
\uproot@=\count137
\leftroot@=\count138
LaTeX Info: Redefining \overline on input line 307.
\classnum@=\count139
\DOTSCASE@=\count140
LaTeX Info: Redefining \ldots on input line 379.
LaTeX Info: Redefining \dots on input line 382.
LaTeX Info: Redefining \cdots on input line 467.
\Mathstrutbox@=\box28
\strutbox@=\box29
\big@size=\dimen149
LaTeX Font Info:    Redeclaring font encoding OML on input line 567.
LaTeX Font Info:    Redeclaring font encoding OMS on input line 568.
\macc@depth=\count141
\c@MaxMatrixCols=\count142
\dotsspace@=\muskip10
\c@parentequation=\count143
\dspbrk@lvl=\count144
\tag@help=\toks23
\row@=\count145
\column@=\count146
\maxfields@=\count147
\andhelp@=\toks24
\eqnshift@=\dimen150
\alignsep@=\dimen151
\tagshift@=\dimen152
\tagwidth@=\dimen153
\totwidth@=\dimen154
\lineht@=\dimen155
\@envbody=\toks25
\multlinegap=\skip174
\multlinetaggap=\skip175
\mathdisplay@stack=\toks26
LaTeX Info: Redefining \[ on input line 2666.
LaTeX Info: Redefining \] on input line 2667.
)
(/usr/share/texmf-texlive/tex/latex/graphics/graphicx.sty
Package: graphicx 1999/02/16 v1.0f Enhanced LaTeX Graphics (DPC,SPQR)

(/usr/share/texmf-texlive/tex/latex/graphics/keyval.sty
Package: keyval 1999/03/16 v1.13 key=value parser (DPC)
\KV@toks@=\toks27
)
(/usr/share/texmf-texlive/tex/latex/graphics/graphics.sty
Package: graphics 2009/02/05 v1.0o Standard LaTeX Graphics (DPC,SPQR)

(/usr/share/texmf-texlive/tex/latex/graphics/trig.sty
Package: trig 1999/03/16 v1.09 sin cos tan (DPC)
)
(/etc/texmf/tex/latex/config/graphics.cfg
File: graphics.cfg 2009/08/28 v1.8 graphics configuration of TeX Live
)
Package graphics Info: Driver file: pdftex.def on input line 91.

(/usr/share/texmf-texlive/tex/latex/pdftex-def/pdftex.def
File: pdftex.def 2010/03/12 v0.04p Graphics/color for pdfTeX
\Gread@gobject=\count148
))
\Gin@req@height=\dimen156
\Gin@req@width=\dimen157
)
(/usr/share/texmf-texlive/tex/latex/graphics/color.sty
Package: color 2005/11/14 v1.0j Standard LaTeX Color (DPC)

(/etc/texmf/tex/latex/config/color.cfg
File: color.cfg 2007/01/18 v1.5 color configuration of teTeX/TeXLive
)
Package color Info: Driver file: pdftex.def on input line 130.

(/usr/share/texmf-texlive/tex/latex/graphics/dvipsnam.def
File: dvipsnam.def 1999/02/16 v3.0i Driver-dependant file (DPC,SPQR)
))
(/usr/share/texmf-texlive/tex/latex/hyperref/hyperref.sty
Package: hyperref 2009/10/09 v6.79a Hypertext links for LaTeX

(/usr/share/texmf-texlive/tex/generic/oberdiek/ifvtex.sty
Package: ifvtex 2008/11/04 v1.4 Switches for detecting VTeX and its modes (HO)
Package ifvtex Info: VTeX not detected.
)
(/usr/share/texmf-texlive/tex/latex/oberdiek/hycolor.sty
Package: hycolor 2009/10/02 v1.5 Code for color options of hyperref/bookmark (H
O)

(/usr/share/texmf-texlive/tex/latex/oberdiek/xcolor-patch.sty
Package: xcolor-patch 2009/10/02 xcolor patch
))
\@linkdim=\dimen158
\Hy@linkcounter=\count149
\Hy@pagecounter=\count150

(/usr/share/texmf-texlive/tex/latex/hyperref/pd1enc.def
File: pd1enc.def 2009/10/09 v6.79a Hyperref: PDFDocEncoding definition (HO)
)
(/usr/share/texmf-texlive/tex/generic/oberdiek/etexcmds.sty
Package: etexcmds 2007/12/12 v1.2 Prefix for e-TeX command names (HO)

(/usr/share/texmf-texlive/tex/generic/oberdiek/infwarerr.sty
Package: infwarerr 2007/09/09 v1.2 Providing info/warning/message (HO)
)
Package etexcmds Info: Could not find \expanded.
(etexcmds)             That can mean that you are not using pdfTeX 1.50 or
(etexcmds)             that some package has redefined \expanded.
(etexcmds)             In the latter case, load this package earlier.
)
(/usr/share/texmf-texlive/tex/latex/latexconfig/hyperref.cfg
File: hyperref.cfg 2002/06/06 v1.2 hyperref configuration of TeXLive
)
(/usr/share/texmf-texlive/tex/latex/oberdiek/kvoptions.sty
Package: kvoptions 2009/08/13 v3.4 Keyval support for LaTeX options (HO)

(/usr/share/texmf-texlive/tex/generic/oberdiek/kvsetkeys.sty
Package: kvsetkeys 2009/07/30 v1.5 Key value parser with default handler suppor
t (HO)
))
Package hyperref Info: Hyper figures OFF on input line 2975.
Package hyperref Info: Link nesting OFF on input line 2980.
Package hyperref Info: Hyper index ON on input line 2983.
Package hyperref Info: Plain pages OFF on input line 2990.
Package hyperref Info: Backreferencing OFF on input line 2995.

Implicit mode ON; LaTeX internals redefined
Package hyperref Info: Bookmarks ON on input line 3191.
(/usr/share/texmf-texlive/tex/latex/ltxmisc/url.sty
\Urlmuskip=\muskip11
Package: url 2006/04/12  ver 3.3  Verb mode for urls, etc.
)
LaTeX Info: Redefining \url on input line 3428.

(/usr/share/texmf-texlive/tex/generic/oberdiek/bitset.sty
Package: bitset 2007/09/28 v1.0 Data type bit set (HO)

(/usr/share/texmf-texlive/tex/generic/oberdiek/intcalc.sty
Package: intcalc 2007/09/27 v1.1 Expandable integer calculations (HO)
)
(/usr/share/texmf-texlive/tex/generic/oberdiek/bigintcalc.sty
Package: bigintcalc 2007/11/11 v1.1 Expandable big integer calculations (HO)

(/usr/share/texmf-texlive/tex/generic/oberdiek/pdftexcmds.sty
Package: pdftexcmds 2009/09/23 v0.6 LuaTeX support for pdfTeX utility functions
 (HO)

(/usr/share/texmf-texlive/tex/generic/oberdiek/ltxcmds.sty
Package: ltxcmds 2009/08/05 v1.0 Some LaTeX kernel commands for general use (HO
)
)
Package pdftexcmds Info: LuaTeX not detected.
Package pdftexcmds Info: \pdf@primitive is available.
Package pdftexcmds Info: \pdf@ifprimitive is available.
)))
\Fld@menulength=\count151
\Field@Width=\dimen159
\Fld@charsize=\dimen160
\Field@toks=\toks28
Package hyperref Info: Hyper figures OFF on input line 4377.
Package hyperref Info: Link nesting OFF on input line 4382.
Package hyperref Info: Hyper index ON on input line 4385.
Package hyperref Info: backreferencing OFF on input line 4392.
Package hyperref Info: Link coloring OFF on input line 4397.
Package hyperref Info: Link coloring with OCG OFF on input line 4402.
Package hyperref Info: PDF/A mode OFF on input line 4407.

(/usr/share/texmf-texlive/tex/generic/oberdiek/atbegshi.sty
Package: atbegshi 2008/07/31 v1.9 At begin shipout hook (HO)
)
\Hy@abspage=\count152
\c@Item=\count153
)
(/usr/share/texmf-texlive/tex/latex/memoir/memhfixc.sty
Package: memhfixc 2009/02/06 v1.12 nameref/hyperref package fixes for memoir cl
ass
\c@memhycontfloat=\count154
)
*hyperref using driver hpdftex*
(/usr/share/texmf-texlive/tex/latex/hyperref/hpdftex.def
File: hpdftex.def 2009/10/09 v6.79a Hyperref driver for pdfTeX
\Fld@listcount=\count155
)
(/usr/share/texmf-texlive/tex/latex/anyfontsize/anyfontsize.sty
Package: anyfontsize 2007/11/22 anyfontsize.sty by pts
) (./minted.sty
Package: minted 2011/09/17 v1.7 Yet another Pygments shim for LaTeX

(/usr/share/texmf-texlive/tex/latex/fancyvrb/fancyvrb.sty
Package: fancyvrb 2008/02/07

Style option: `fancyvrb' v2.7a, with DG/SPQR fixes, and firstline=lastline fix 
<2008/02/07> (tvz)
\FV@CodeLineNo=\count156
\FV@InFile=\read2
\FV@TabBox=\box30
\c@FancyVerbLine=\count157
\FV@StepNumber=\count158
\FV@OutFile=\write4
) (/usr/share/texmf/tex/latex/xcolor/xcolor.sty
Package: xcolor 2007/01/21 v2.11 LaTeX color extensions (UK)

(/etc/texmf/tex/latex/config/color.cfg
File: color.cfg 2007/01/18 v1.5 color configuration of teTeX/TeXLive
)
Package xcolor Info: Driver file: pdftex.def on input line 225.
LaTeX Info: Redefining \color on input line 702.
Package xcolor Info: Model `cmy' substituted by `cmy0' on input line 1337.
Package xcolor Info: Model `hsb' substituted by `rgb' on input line 1341.
Package xcolor Info: Model `RGB' extended on input line 1353.
Package xcolor Info: Model `HTML' substituted by `rgb' on input line 1355.
Package xcolor Info: Model `Hsb' substituted by `hsb' on input line 1356.
Package xcolor Info: Model `tHsb' substituted by `hsb' on input line 1357.
Package xcolor Info: Model `HSB' substituted by `hsb' on input line 1358.
Package xcolor Info: Model `Gray' substituted by `gray' on input line 1359.
Package xcolor Info: Model `wave' substituted by `hsb' on input line 1360.
)
(/usr/share/texmf-texlive/tex/latex/float/float.sty
Package: float 2001/11/08 v1.3d Float enhancements (AL)
\c@float@type=\count159
\float@exts=\toks29
\float@box=\box31
\@float@everytoks=\toks30
\@floatcapt=\box32
)
(/usr/share/texmf-texlive/tex/latex/base/ifthen.sty
Package: ifthen 2001/05/26 v1.1c Standard LaTeX ifthen package (DPC)
)
(/usr/share/texmf-texlive/tex/latex/tools/calc.sty
Package: calc 2007/08/22 v4.3 Infix arithmetic (KKT,FJ)
\calc@Acount=\count160
\calc@Bcount=\count161
\calc@Adimen=\dimen161
\calc@Bdimen=\dimen162
\calc@Askip=\skip176
\calc@Bskip=\skip177
LaTeX Info: Redefining \setlength on input line 76.
LaTeX Info: Redefining \addtolength on input line 77.
\calc@Ccount=\count162
\calc@Cskip=\skip178
)
(/usr/share/texmf-texlive/tex/latex/ifplatform/ifplatform.sty
Package: ifplatform 2009/09/10 v0.3a Testing for the operating system

(/usr/share/texmf-texlive/tex/generic/oberdiek/catchfile.sty
Package: catchfile 2007/11/11 v1.2 Catches the contents of a file (HO)
)
runsystem(uname -s > "project_suite_user_guide.w18")...executed.


(./project_suite_user_guide.w18)
runsystem(rm -- "project_suite_user_guide.w18")...executed.

)
\minted@bgbox=\box33
\minted@code=\write5
\@float@every@listing=\toks31
\c@listing=\count163
)
runsystem(which pygmentize && touch project_suite_user_guide.aex)...executed.

runsystem(rm project_suite_user_guide.aex)...executed.

Package hyperref Info: Option `colorlinks' set `true' on input line 34.
\project_suite_user_guide@idxfile=\write6
\openout6 = `project_suite_user_guide.idx'.


Writing index file project_suite_user_guide.idx 

******************************************************
Stock height and width: 794.96999pt by 614.295pt
Top and edge trims: 0.0pt and 0.0pt
Page height and width: 794.96999pt by 614.295pt
Text height and width: 623.00027pt by 433.0pt
Spine and edge margins: 90.3375pt and 90.3375pt
Upper and lower margins: 129.74379pt and 42.22592pt
Headheight and headsep: 13.6pt and 19.8738pt
Footskip: 27.46295pt
Columnsep and columnseprule: 10.0pt and 0.0pt
Marginparsep and marginparwidth: 7.0pt and 72.26999pt
Sidecapsep and sidecapwidth: 7.0pt and 57.0pt
Sidebarhsep and sidebarwidth: 7.0pt and 57.0pt
Sidebarvsep and sidebartopsep: 13.6pt and 0.0pt
Sidebarheight: 539.9202pt
******************************************************

(./project_suite_user_guide.aux)
\openout1 = `project_suite_user_guide.aux'.

LaTeX Font Info:    Checking defaults for OML/cmm/m/it on input line 101.
LaTeX Font Info:    ... okay on input line 101.
LaTeX Font Info:    Checking defaults for T1/cmr/m/n on input line 101.
LaTeX Font Info:    ... okay on input line 101.
LaTeX Font Info:    Checking defaults for OT1/cmr/m/n on input line 101.
LaTeX Font Info:    ... okay on input line 101.
LaTeX Font Info:    Checking defaults for OMS/cmsy/m/n on input line 101.
LaTeX Font Info:    ... okay on input line 101.
LaTeX Font Info:    Checking defaults for OMX/cmex/m/n on input line 101.
LaTeX Font Info:    ... okay on input line 101.
LaTeX Font Info:    Checking defaults for U/cmr/m/n on input line 101.
LaTeX Font Info:    ... okay on input line 101.
LaTeX Font Info:    Checking defaults for PD1/pdf/m/n on input line 101.
LaTeX Font Info:    ... okay on input line 101.

(/usr/share/texmf-texlive/tex/context/base/supp-pdf.mkii
[Loading MPS to PDF converter (version 2006.09.02).]
\scratchcounter=\count164
\scratchdimen=\dimen163
\scratchbox=\box34
\nofMPsegments=\count165
\nofMParguments=\count166
\everyMPshowfont=\toks32
\MPscratchCnt=\count167
\MPscratchDim=\dimen164
\MPnumerator=\count168
\everyMPtoPDFconversion=\toks33
)
Package hyperref Info: Link coloring ON on input line 101.
 (/usr/share/texmf-texlive/tex/latex/hyperref/nameref.sty
Package: nameref 2007/05/29 v2.31 Cross-referencing by name of section

(/usr/share/texmf-texlive/tex/latex/oberdiek/refcount.sty
Package: refcount 2008/08/11 v3.1 Data extraction from references (HO)
)
\c@section@level=\count169
)
LaTeX Info: Redefining \ref on input line 101.
LaTeX Info: Redefining \pageref on input line 101.

(./project_suite_user_guide.out) (./project_suite_user_guide.out)
\@outlinefile=\write7
\openout7 = `project_suite_user_guide.out'.

\AtBeginShipoutBox=\box35

Redoing nameref's sectioning
Redoing nameref's label
runsystem(pygmentize -S default -f latex > project_suite_user_guide.pyg)...exec
uted.

(./project_suite_user_guide.pyg) [1


{/var/lib/texmf/fonts/map/pdftex/updmap/pdftex.map}] (./project_suite_user_guid
e.toc

Package xcolor Warning: Incompatible color definition on input line 1.


Package xcolor Warning: Incompatible color definition on input line 2.


Package xcolor Warning: Incompatible color definition on input line 3.


Package xcolor Warning: Incompatible color definition on input line 4.


Package xcolor Warning: Incompatible color definition on input line 5.


Package xcolor Warning: Incompatible color definition on input line 6.


Package xcolor Warning: Incompatible color definition on input line 7.


Package xcolor Warning: Incompatible color definition on input line 8.


Package xcolor Warning: Incompatible color definition on input line 9.


Package xcolor Warning: Incompatible color definition on input line 12.


Package xcolor Warning: Incompatible color definition on input line 13.


Package xcolor Warning: Incompatible color definition on input line 14.


Package xcolor Warning: Incompatible color definition on input line 17.


Package xcolor Warning: Incompatible color definition on input line 18.


Package xcolor Warning: Incompatible color definition on input line 19.


Package xcolor Warning: Incompatible color definition on input line 20.


Package xcolor Warning: Incompatible color definition on input line 21.


Package xcolor Warning: Incompatible color definition on input line 22.


Package xcolor Warning: Incompatible color definition on input line 23.


Package xcolor Warning: Incompatible color definition on input line 24.


Package xcolor Warning: Incompatible color definition on input line 25.


Package xcolor Warning: Incompatible color definition on input line 26.


Package xcolor Warning: Incompatible color definition on input line 27.


Package xcolor Warning: Incompatible color definition on input line 28.


Package xcolor Warning: Incompatible color definition on input line 29.


Package xcolor Warning: Incompatible color definition on input line 30.

[2]

Package xcolor Warning: Incompatible color definition on input line 36.


Package xcolor Warning: Incompatible color definition on input line 41.


Package xcolor Warning: Incompatible color definition on input line 42.

) [3]

Package xcolor Warning: Incompatible color definition on input line 145.


Package xcolor Warning: Incompatible color definition on input line 145.


Package xcolor Warning: Incompatible color definition on input line 147.


Package xcolor Warning: Incompatible color definition on input line 147.


Package xcolor Warning: Incompatible color definition on input line 149.


Package xcolor Warning: Incompatible color definition on input line 149.


Package xcolor Warning: Incompatible color definition on input line 151.


Package xcolor Warning: Incompatible color definition on input line 153.


Package xcolor Warning: Incompatible color definition on input line 154.


Package xcolor Warning: Incompatible color definition on input line 155.


Package xcolor Warning: Incompatible color definition on input line 156.


Package xcolor Warning: Incompatible color definition on input line 157.


Package xcolor Warning: Incompatible color definition on input line 160.

[1


]

Package hyperref Warning: Token not allowed in a PDF string (PDFDocEncoding):
(hyperref)                removing `\\' on input line 168.


Package xcolor Warning: Incompatible color definition on input line 207.

[2

]
Overfull \vbox (11.56252pt too high) has occurred while \output is active []


[3] [4

]

Package xcolor Warning: Incompatible color definition on input line 258.


Package xcolor Warning: Incompatible color definition on input line 267.


Overfull \hbox (9.85593pt too wide) in paragraph at lines 260--268
\OT1/cmr/m/n/10.95 in-stalled as well. These in-clude a mod-i-fied ver-sion of 
Quan-tum Espresso (\OT1/cmtt/m/n/10.95 pw.x\OT1/cmr/m/n/10.95 , \OT1/cmtt/m/n/1
0.95 pw2qmcpack.x\OT1/cmr/m/n/10.95 ,
 []

[5]

Package xcolor Warning: Incompatible color definition on input line 282.

[6

]

Package xcolor Warning: Incompatible color definition on input line 463.


Package xcolor Warning: Incompatible color definition on input line 465.


Package xcolor Warning: Incompatible color definition on input line 471.


Package xcolor Warning: Incompatible color definition on input line 472.


Overfull \hbox (43.77945pt too wide) in paragraph at lines 469--476
\OT1/cmr/m/n/10.95 PWSCF and QM-C-PACK in-put pa-ram-e-ters, and job de-tails, 
like how many nodes/cores/threads
 []


Package xcolor Warning: Incompatible color definition on input line 495.

[7]

Package xcolor Warning: Incompatible color definition on input line 509.

\openout4 = `project_suite_user_guide.pyg'.


Overfull \hbox (17.0pt too wide) in paragraph at lines 513--515
[][]
 []


Underfull \hbox (badness 10000) in paragraph at lines 513--515

 []

runsystem(pygmentize -l python -f latex -F tokenmerge             -P "verboptio
ns= " -o project_suite_user_guide.out.pyg project_suite_user_guide.pyg)...execu
ted.

(./project_suite_user_guide.out.pyg
LaTeX Font Info:    Font shape `OT1/cmtt/bx/n' in size <10.95> not available
(Font)              Font shape `OT1/cmtt/m/n' tried instead on input line 4.
 [8] [9] [10])
runsystem(rm project_suite_user_guide.out.pyg)...executed.

runsystem(rm project_suite_user_guide.pyg)...executed.

 [11]
Underfull \vbox (badness 10000) detected at line 797
 []


Underfull \vbox (badness 10000) detected at line 797
 []

[12]
Underfull \vbox (badness 10000) detected at line 797
 []


Underfull \vbox (badness 10000) detected at line 797
 []

[13]
Missing character: There is no â in font cmtt10!
Missing character: There is no ” in font cmtt10!
Missing character: There is no ” in font cmtt10!
Missing character: There is no â in font cmtt10!
Missing character: There is no ” in font cmtt10!
Missing character: There is no € in font cmtt10!
Missing character: There is no â in font cmtt10!
Missing character: There is no ” in font cmtt10!
Missing character: There is no € in font cmtt10!
Missing character: There is no â in font cmtt10!
Missing character: There is no ” in font cmtt10!
Missing character: There is no œ in font cmtt10!
Missing character: There is no â in font cmtt10!
Missing character: There is no ” in font cmtt10!
Missing character: There is no € in font cmtt10!
Missing character: There is no â in font cmtt10!
Missing character: There is no ” in font cmtt10!
Missing character: There is no € in font cmtt10!
Missing character: There is no â in font cmtt10!
Missing character: There is no ” in font cmtt10!
Missing character: There is no ‚ in font cmtt10!
Missing character: There is no â in font cmtt10!
Missing character: There is no ” in font cmtt10!
Missing character: There is no œ in font cmtt10!
Missing character: There is no â in font cmtt10!
Missing character: There is no ” in font cmtt10!
Missing character: There is no € in font cmtt10!
Missing character: There is no â in font cmtt10!
Missing character: There is no ” in font cmtt10!
Missing character: There is no € in font cmtt10!
Missing character: There is no â in font cmtt10!
Missing character: There is no ” in font cmtt10!
Missing character: There is no ‚ in font cmtt10!
Missing character: There is no â in font cmtt10!
Missing character: There is no ” in font cmtt10!
Missing character: There is no ” in font cmtt10!
Missing character: There is no â in font cmtt10!
Missing character: There is no ” in font cmtt10!
Missing character: There is no € in font cmtt10!
Missing character: There is no â in font cmtt10!
Missing character: There is no ” in font cmtt10!
Missing character: There is no € in font cmtt10!
Missing character: There is no â in font cmtt10!
Missing character: There is no ” in font cmtt10!
Missing character: There is no œ in font cmtt10!
Missing character: There is no â in font cmtt10!
Missing character: There is no ” in font cmtt10!
Missing character: There is no € in font cmtt10!
Missing character: There is no â in font cmtt10!
Missing character: There is no ” in font cmtt10!
Missing character: There is no € in font cmtt10!
Missing character: There is no â in font cmtt10!
Missing character: There is no ” in font cmtt10!
Missing character: There is no ‚ in font cmtt10!
Missing character: There is no â in font cmtt10!
Missing character: There is no ” in font cmtt10!
Missing character: There is no œ in font cmtt10!
Missing character: There is no â in font cmtt10!
Missing character: There is no ” in font cmtt10!
Missing character: There is no € in font cmtt10!
Missing character: There is no â in font cmtt10!
Missing character: There is no ” in font cmtt10!
Missing character: There is no € in font cmtt10!
Missing character: There is no â in font cmtt10!
Missing character: There is no ” in font cmtt10!
Missing character: There is no ‚ in font cmtt10!
Missing character: There is no â in font cmtt10!
Missing character: There is no ” in font cmtt10!
Missing character: There is no ” in font cmtt10!
Missing character: There is no â in font cmtt10!
Missing character: There is no ” in font cmtt10!
Missing character: There is no € in font cmtt10!
Missing character: There is no â in font cmtt10!
Missing character: There is no ” in font cmtt10!
Missing character: There is no € in font cmtt10!
Missing character: There is no â in font cmtt10!
Missing character: There is no ” in font cmtt10!
Missing character: There is no œ in font cmtt10!
Missing character: There is no â in font cmtt10!
Missing character: There is no ” in font cmtt10!
Missing character: There is no € in font cmtt10!
Missing character: There is no â in font cmtt10!
Missing character: There is no ” in font cmtt10!
Missing character: There is no € in font cmtt10!
Missing character: There is no â in font cmtt10!
Missing character: There is no ” in font cmtt10!
Missing character: There is no ‚ in font cmtt10!
Missing character: There is no â in font cmtt10!
Missing character: There is no ” in font cmtt10!
Missing character: There is no œ in font cmtt10!
Missing character: There is no â in font cmtt10!
Missing character: There is no ” in font cmtt10!
Missing character: There is no € in font cmtt10!
Missing character: There is no â in font cmtt10!
Missing character: There is no ” in font cmtt10!
Missing character: There is no € in font cmtt10!
Missing character: There is no â in font cmtt10!
Missing character: There is no ” in font cmtt10!
Missing character: There is no ‚ in font cmtt10!
Missing character: There is no â in font cmtt10!
Missing character: There is no ” in font cmtt10!
Missing character: There is no ” in font cmtt10!
Missing character: There is no â in font cmtt10!
Missing character: There is no ” in font cmtt10!
Missing character: There is no € in font cmtt10!
Missing character: There is no â in font cmtt10!
Missing character: There is no ” in font cmtt10!
Missing character: There is no € in font cmtt10!
Missing character: There is no â in font cmtt10!
Missing character: There is no ” in font cmtt10!
Missing character: There is no œ in font cmtt10!
Missing character: There is no â in font cmtt10!
Missing character: There is no ” in font cmtt10!
Missing character: There is no € in font cmtt10!
Missing character: There is no â in font cmtt10!
Missing character: There is no ” in font cmtt10!
Missing character: There is no € in font cmtt10!
Missing character: There is no â in font cmtt10!
Missing character: There is no ” in font cmtt10!
Missing character: There is no ‚ in font cmtt10!
Missing character: There is no â in font cmtt10!
Missing character: There is no ” in font cmtt10!
Missing character: There is no œ in font cmtt10!
Missing character: There is no â in font cmtt10!
Missing character: There is no ” in font cmtt10!
Missing character: There is no € in font cmtt10!
Missing character: There is no â in font cmtt10!
Missing character: There is no ” in font cmtt10!
Missing character: There is no € in font cmtt10!
Missing character: There is no â in font cmtt10!
Missing character: There is no ” in font cmtt10!
Missing character: There is no ‚ in font cmtt10!
Missing character: There is no â in font cmtt10!
Missing character: There is no ” in font cmtt10!
Missing character: There is no ” in font cmtt10!
Missing character: There is no â in font cmtt10!
Missing character: There is no ” in font cmtt10!
Missing character: There is no € in font cmtt10!
Missing character: There is no â in font cmtt10!
Missing character: There is no ” in font cmtt10!
Missing character: There is no € in font cmtt10!
Missing character: There is no â in font cmtt10!
Missing character: There is no ” in font cmtt10!
Missing character: There is no ” in font cmtt10!
Missing character: There is no â in font cmtt10!
Missing character: There is no ” in font cmtt10!
Missing character: There is no € in font cmtt10!
Missing character: There is no â in font cmtt10!
Missing character: There is no ” in font cmtt10!
Missing character: There is no € in font cmtt10!
Missing character: There is no â in font cmtt10!
Missing character: There is no ” in font cmtt10!
Missing character: There is no œ in font cmtt10!
Missing character: There is no â in font cmtt10!
Missing character: There is no ” in font cmtt10!
Missing character: There is no € in font cmtt10!
Missing character: There is no â in font cmtt10!
Missing character: There is no ” in font cmtt10!
Missing character: There is no € in font cmtt10!
Missing character: There is no â in font cmtt10!
Missing character: There is no ” in font cmtt10!
Missing character: There is no ” in font cmtt10!
Missing character: There is no â in font cmtt10!
Missing character: There is no ” in font cmtt10!
Missing character: There is no € in font cmtt10!
Missing character: There is no â in font cmtt10!
Missing character: There is no ” in font cmtt10!
Missing character: There is no € in font cmtt10!
 [14]
Missing character: There is no â in font cmtt10!
Missing character: There is no ” in font cmtt10!
Missing character: There is no ” in font cmtt10!
Missing character: There is no â in font cmtt10!
Missing character: There is no ” in font cmtt10!
Missing character: There is no € in font cmtt10!
Missing character: There is no â in font cmtt10!
Missing character: There is no ” in font cmtt10!
Missing character: There is no € in font cmtt10!
Missing character: There is no â in font cmtt10!
Missing character: There is no ” in font cmtt10!
Missing character: There is no ” in font cmtt10!
Missing character: There is no â in font cmtt10!
Missing character: There is no ” in font cmtt10!
Missing character: There is no € in font cmtt10!
Missing character: There is no â in font cmtt10!
Missing character: There is no ” in font cmtt10!
Missing character: There is no € in font cmtt10!
Missing character: There is no â in font cmtt10!
Missing character: There is no ” in font cmtt10!
Missing character: There is no œ in font cmtt10!
Missing character: There is no â in font cmtt10!
Missing character: There is no ” in font cmtt10!
Missing character: There is no € in font cmtt10!
Missing character: There is no â in font cmtt10!
Missing character: There is no ” in font cmtt10!
Missing character: There is no € in font cmtt10!
Missing character: There is no â in font cmtt10!
Missing character: There is no ” in font cmtt10!
Missing character: There is no ‚ in font cmtt10!
Missing character: There is no â in font cmtt10!
Missing character: There is no ” in font cmtt10!
Missing character: There is no œ in font cmtt10!
Missing character: There is no â in font cmtt10!
Missing character: There is no ” in font cmtt10!
Missing character: There is no € in font cmtt10!
Missing character: There is no â in font cmtt10!
Missing character: There is no ” in font cmtt10!
Missing character: There is no € in font cmtt10!
Missing character: There is no â in font cmtt10!
Missing character: There is no ” in font cmtt10!
Missing character: There is no ‚ in font cmtt10!
Missing character: There is no â in font cmtt10!
Missing character: There is no ” in font cmtt10!
Missing character: There is no ” in font cmtt10!
Missing character: There is no â in font cmtt10!
Missing character: There is no ” in font cmtt10!
Missing character: There is no € in font cmtt10!
Missing character: There is no â in font cmtt10!
Missing character: There is no ” in font cmtt10!
Missing character: There is no € in font cmtt10!
Missing character: There is no â in font cmtt10!
Missing character: There is no ” in font cmtt10!
Missing character: There is no œ in font cmtt10!
Missing character: There is no â in font cmtt10!
Missing character: There is no ” in font cmtt10!
Missing character: There is no € in font cmtt10!
Missing character: There is no â in font cmtt10!
Missing character: There is no ” in font cmtt10!
Missing character: There is no € in font cmtt10!
Missing character: There is no â in font cmtt10!
Missing character: There is no ” in font cmtt10!
Missing character: There is no ‚ in font cmtt10!
Missing character: There is no â in font cmtt10!
Missing character: There is no ” in font cmtt10!
Missing character: There is no œ in font cmtt10!
Missing character: There is no â in font cmtt10!
Missing character: There is no ” in font cmtt10!
Missing character: There is no € in font cmtt10!
Missing character: There is no â in font cmtt10!
Missing character: There is no ” in font cmtt10!
Missing character: There is no € in font cmtt10!
Missing character: There is no â in font cmtt10!
Missing character: There is no ” in font cmtt10!
Missing character: There is no ‚ in font cmtt10!
Missing character: There is no â in font cmtt10!
Missing character: There is no ” in font cmtt10!
Missing character: There is no ” in font cmtt10!
Missing character: There is no â in font cmtt10!
Missing character: There is no ” in font cmtt10!
Missing character: There is no € in font cmtt10!
Missing character: There is no â in font cmtt10!
Missing character: There is no ” in font cmtt10!
Missing character: There is no € in font cmtt10!
Missing character: There is no â in font cmtt10!
Missing character: There is no ” in font cmtt10!
Missing character: There is no œ in font cmtt10!
Missing character: There is no â in font cmtt10!
Missing character: There is no ” in font cmtt10!
Missing character: There is no € in font cmtt10!
Missing character: There is no â in font cmtt10!
Missing character: There is no ” in font cmtt10!
Missing character: There is no € in font cmtt10!
Missing character: There is no â in font cmtt10!
Missing character: There is no ” in font cmtt10!
Missing character: There is no ‚ in font cmtt10!
Missing character: There is no â in font cmtt10!
Missing character: There is no ” in font cmtt10!
Missing character: There is no œ in font cmtt10!
Missing character: There is no â in font cmtt10!
Missing character: There is no ” in font cmtt10!
Missing character: There is no € in font cmtt10!
Missing character: There is no â in font cmtt10!
Missing character: There is no ” in font cmtt10!
Missing character: There is no € in font cmtt10!
Missing character: There is no â in font cmtt10!
Missing character: There is no ” in font cmtt10!
Missing character: There is no ‚ in font cmtt10!
Missing character: There is no â in font cmtt10!
Missing character: There is no ” in font cmtt10!
Missing character: There is no ” in font cmtt10!
Missing character: There is no â in font cmtt10!
Missing character: There is no ” in font cmtt10!
Missing character: There is no € in font cmtt10!
Missing character: There is no â in font cmtt10!
Missing character: There is no ” in font cmtt10!
Missing character: There is no € in font cmtt10!
Missing character: There is no â in font cmtt10!
Missing character: There is no ” in font cmtt10!
Missing character: There is no œ in font cmtt10!
Missing character: There is no â in font cmtt10!
Missing character: There is no ” in font cmtt10!
Missing character: There is no € in font cmtt10!
Missing character: There is no â in font cmtt10!
Missing character: There is no ” in font cmtt10!
Missing character: There is no € in font cmtt10!
Missing character: There is no â in font cmtt10!
Missing character: There is no ” in font cmtt10!
Missing character: There is no ‚ in font cmtt10!
Missing character: There is no â in font cmtt10!
Missing character: There is no ” in font cmtt10!
Missing character: There is no œ in font cmtt10!
Missing character: There is no â in font cmtt10!
Missing character: There is no ” in font cmtt10!
Missing character: There is no € in font cmtt10!
Missing character: There is no â in font cmtt10!
Missing character: There is no ” in font cmtt10!
Missing character: There is no € in font cmtt10!
Missing character: There is no â in font cmtt10!
Missing character: There is no ” in font cmtt10!
Missing character: There is no ‚ in font cmtt10!
Missing character: There is no â in font cmtt10!
Missing character: There is no ” in font cmtt10!
Missing character: There is no ” in font cmtt10!
Missing character: There is no â in font cmtt10!
Missing character: There is no ” in font cmtt10!
Missing character: There is no € in font cmtt10!
Missing character: There is no â in font cmtt10!
Missing character: There is no ” in font cmtt10!
Missing character: There is no € in font cmtt10!
Missing character: There is no â in font cmtt10!
Missing character: There is no ” in font cmtt10!
Missing character: There is no ” in font cmtt10!
Missing character: There is no â in font cmtt10!
Missing character: There is no ” in font cmtt10!
Missing character: There is no € in font cmtt10!
Missing character: There is no â in font cmtt10!
Missing character: There is no ” in font cmtt10!
Missing character: There is no € in font cmtt10!
Missing character: There is no â in font cmtt10!
Missing character: There is no ” in font cmtt10!
Missing character: There is no œ in font cmtt10!
Missing character: There is no â in font cmtt10!
Missing character: There is no ” in font cmtt10!
Missing character: There is no € in font cmtt10!
Missing character: There is no â in font cmtt10!
Missing character: There is no ” in font cmtt10!
Missing character: There is no € in font cmtt10!
Missing character: There is no â in font cmtt10!
Missing character: There is no ” in font cmtt10!
Missing character: There is no ” in font cmtt10!
Missing character: There is no â in font cmtt10!
Missing character: There is no ” in font cmtt10!
Missing character: There is no € in font cmtt10!
Missing character: There is no â in font cmtt10!
Missing character: There is no ” in font cmtt10!
Missing character: There is no € in font cmtt10!
 [15]
\openout4 = `project_suite_user_guide.pyg'.


Overfull \hbox (17.0pt too wide) in paragraph at lines 885--887
[][]
 []


Underfull \hbox (badness 10000) in paragraph at lines 885--887

 []

runsystem(pygmentize -l python -f latex -F tokenmerge             -P "verboptio
ns= " -o project_suite_user_guide.out.pyg project_suite_user_guide.pyg)...execu
ted.

(./project_suite_user_guide.out.pyg [16] [17] [18])
runsystem(rm project_suite_user_guide.out.pyg)...executed.

runsystem(rm project_suite_user_guide.pyg)...executed.

 [19]
Overfull \vbox (1.63206pt too high) detected at line 1153
 []

[20]
Underfull \vbox (badness 10000) detected at line 1153
 []


Underfull \vbox (badness 10000) detected at line 1153
 []

[21]
Missing character: There is no â in font cmtt10!
Missing character: There is no ” in font cmtt10!
Missing character: There is no ” in font cmtt10!
Missing character: There is no â in font cmtt10!
Missing character: There is no ” in font cmtt10!
Missing character: There is no € in font cmtt10!
Missing character: There is no â in font cmtt10!
Missing character: There is no ” in font cmtt10!
Missing character: There is no € in font cmtt10!
Missing character: There is no â in font cmtt10!
Missing character: There is no ” in font cmtt10!
Missing character: There is no œ in font cmtt10!
Missing character: There is no â in font cmtt10!
Missing character: There is no ” in font cmtt10!
Missing character: There is no € in font cmtt10!
Missing character: There is no â in font cmtt10!
Missing character: There is no ” in font cmtt10!
Missing character: There is no € in font cmtt10!
Missing character: There is no â in font cmtt10!
Missing character: There is no ” in font cmtt10!
Missing character: There is no ‚ in font cmtt10!
Missing character: There is no â in font cmtt10!
Missing character: There is no ” in font cmtt10!
Missing character: There is no œ in font cmtt10!
Missing character: There is no â in font cmtt10!
Missing character: There is no ” in font cmtt10!
Missing character: There is no € in font cmtt10!
Missing character: There is no â in font cmtt10!
Missing character: There is no ” in font cmtt10!
Missing character: There is no € in font cmtt10!
Missing character: There is no â in font cmtt10!
Missing character: There is no ” in font cmtt10!
Missing character: There is no ‚ in font cmtt10!
Missing character: There is no â in font cmtt10!
Missing character: There is no ” in font cmtt10!
Missing character: There is no ” in font cmtt10!
Missing character: There is no â in font cmtt10!
Missing character: There is no ” in font cmtt10!
Missing character: There is no € in font cmtt10!
Missing character: There is no â in font cmtt10!
Missing character: There is no ” in font cmtt10!
Missing character: There is no € in font cmtt10!
Missing character: There is no â in font cmtt10!
Missing character: There is no ” in font cmtt10!
Missing character: There is no œ in font cmtt10!
Missing character: There is no â in font cmtt10!
Missing character: There is no ” in font cmtt10!
Missing character: There is no € in font cmtt10!
Missing character: There is no â in font cmtt10!
Missing character: There is no ” in font cmtt10!
Missing character: There is no € in font cmtt10!
Missing character: There is no â in font cmtt10!
Missing character: There is no ” in font cmtt10!
Missing character: There is no ‚ in font cmtt10!
Missing character: There is no â in font cmtt10!
Missing character: There is no ” in font cmtt10!
Missing character: There is no œ in font cmtt10!
Missing character: There is no â in font cmtt10!
Missing character: There is no ” in font cmtt10!
Missing character: There is no € in font cmtt10!
Missing character: There is no â in font cmtt10!
Missing character: There is no ” in font cmtt10!
Missing character: There is no € in font cmtt10!
Missing character: There is no â in font cmtt10!
Missing character: There is no ” in font cmtt10!
Missing character: There is no ‚ in font cmtt10!
Missing character: There is no â in font cmtt10!
Missing character: There is no ” in font cmtt10!
Missing character: There is no ” in font cmtt10!
Missing character: There is no â in font cmtt10!
Missing character: There is no ” in font cmtt10!
Missing character: There is no € in font cmtt10!
Missing character: There is no â in font cmtt10!
Missing character: There is no ” in font cmtt10!
Missing character: There is no € in font cmtt10!
Missing character: There is no â in font cmtt10!
Missing character: There is no ” in font cmtt10!
Missing character: There is no ” in font cmtt10!
Missing character: There is no â in font cmtt10!
Missing character: There is no ” in font cmtt10!
Missing character: There is no € in font cmtt10!
Missing character: There is no â in font cmtt10!
Missing character: There is no ” in font cmtt10!
Missing character: There is no € in font cmtt10!
Missing character: There is no â in font cmtt10!
Missing character: There is no ” in font cmtt10!
Missing character: There is no œ in font cmtt10!
Missing character: There is no â in font cmtt10!
Missing character: There is no ” in font cmtt10!
Missing character: There is no € in font cmtt10!
Missing character: There is no â in font cmtt10!
Missing character: There is no ” in font cmtt10!
Missing character: There is no € in font cmtt10!
Missing character: There is no â in font cmtt10!
Missing character: There is no ” in font cmtt10!
Missing character: There is no ” in font cmtt10!
Missing character: There is no â in font cmtt10!
Missing character: There is no ” in font cmtt10!
Missing character: There is no € in font cmtt10!
Missing character: There is no â in font cmtt10!
Missing character: There is no ” in font cmtt10!
Missing character: There is no € in font cmtt10!
Missing character: There is no â in font cmtt10!
Missing character: There is no ” in font cmtt10!
Missing character: There is no ” in font cmtt10!
Missing character: There is no â in font cmtt10!
Missing character: There is no ” in font cmtt10!
Missing character: There is no € in font cmtt10!
Missing character: There is no â in font cmtt10!
Missing character: There is no ” in font cmtt10!
Missing character: There is no € in font cmtt10!
Missing character: There is no â in font cmtt10!
Missing character: There is no ” in font cmtt10!
Missing character: There is no ” in font cmtt10!
Missing character: There is no â in font cmtt10!
Missing character: There is no ” in font cmtt10!
Missing character: There is no € in font cmtt10!
Missing character: There is no â in font cmtt10!
Missing character: There is no ” in font cmtt10!
Missing character: There is no € in font cmtt10!
Missing character: There is no â in font cmtt10!
Missing character: There is no ” in font cmtt10!
Missing character: There is no œ in font cmtt10!
Missing character: There is no â in font cmtt10!
Missing character: There is no ” in font cmtt10!
Missing character: There is no € in font cmtt10!
Missing character: There is no â in font cmtt10!
Missing character: There is no ” in font cmtt10!
Missing character: There is no € in font cmtt10!
Missing character: There is no â in font cmtt10!
Missing character: There is no ” in font cmtt10!
Missing character: There is no ‚ in font cmtt10!
Missing character: There is no â in font cmtt10!
Missing character: There is no ” in font cmtt10!
Missing character: There is no œ in font cmtt10!
Missing character: There is no â in font cmtt10!
Missing character: There is no ” in font cmtt10!
Missing character: There is no € in font cmtt10!
Missing character: There is no â in font cmtt10!
Missing character: There is no ” in font cmtt10!
Missing character: There is no € in font cmtt10!
Missing character: There is no â in font cmtt10!
Missing character: There is no ” in font cmtt10!
Missing character: There is no ‚ in font cmtt10!
Missing character: There is no â in font cmtt10!
Missing character: There is no ” in font cmtt10!
Missing character: There is no ” in font cmtt10!
Missing character: There is no â in font cmtt10!
Missing character: There is no ” in font cmtt10!
Missing character: There is no € in font cmtt10!
Missing character: There is no â in font cmtt10!
Missing character: There is no ” in font cmtt10!
Missing character: There is no € in font cmtt10!
Missing character: There is no â in font cmtt10!
Missing character: There is no ” in font cmtt10!
Missing character: There is no œ in font cmtt10!
Missing character: There is no â in font cmtt10!
Missing character: There is no ” in font cmtt10!
Missing character: There is no € in font cmtt10!
Missing character: There is no â in font cmtt10!
Missing character: There is no ” in font cmtt10!
Missing character: There is no € in font cmtt10!
Missing character: There is no â in font cmtt10!
Missing character: There is no ” in font cmtt10!
Missing character: There is no ‚ in font cmtt10!
Missing character: There is no â in font cmtt10!
Missing character: There is no ” in font cmtt10!
Missing character: There is no œ in font cmtt10!
Missing character: There is no â in font cmtt10!
Missing character: There is no ” in font cmtt10!
Missing character: There is no € in font cmtt10!
Missing character: There is no â in font cmtt10!
Missing character: There is no ” in font cmtt10!
Missing character: There is no € in font cmtt10!
Missing character: There is no â in font cmtt10!
Missing character: There is no ” in font cmtt10!
Missing character: There is no ‚ in font cmtt10!
Missing character: There is no â in font cmtt10!
Missing character: There is no ” in font cmtt10!
Missing character: There is no ” in font cmtt10!
Missing character: There is no â in font cmtt10!
Missing character: There is no ” in font cmtt10!
Missing character: There is no € in font cmtt10!
Missing character: There is no â in font cmtt10!
Missing character: There is no ” in font cmtt10!
Missing character: There is no € in font cmtt10!
Missing character: There is no â in font cmtt10!
Missing character: There is no ” in font cmtt10!
Missing character: There is no ” in font cmtt10!
Missing character: There is no â in font cmtt10!
Missing character: There is no ” in font cmtt10!
Missing character: There is no € in font cmtt10!
Missing character: There is no â in font cmtt10!
Missing character: There is no ” in font cmtt10!
Missing character: There is no € in font cmtt10!
Missing character: There is no â in font cmtt10!
Missing character: There is no ” in font cmtt10!
Missing character: There is no œ in font cmtt10!
Missing character: There is no â in font cmtt10!
Missing character: There is no ” in font cmtt10!
Missing character: There is no € in font cmtt10!
Missing character: There is no â in font cmtt10!
Missing character: There is no ” in font cmtt10!
Missing character: There is no € in font cmtt10!
Missing character: There is no â in font cmtt10!
Missing character: There is no ” in font cmtt10!
Missing character: There is no ” in font cmtt10!
Missing character: There is no â in font cmtt10!
Missing character: There is no ” in font cmtt10!
Missing character: There is no € in font cmtt10!
Missing character: There is no â in font cmtt10!
Missing character: There is no ” in font cmtt10!
Missing character: There is no € in font cmtt10!
 [22]

Package hyperref Warning: Token not allowed in a PDF string (PDFDocEncoding):
(hyperref)                removing `\\' on input line 1194.

\openout4 = `project_suite_user_guide.pyg'.


Overfull \hbox (238.67987pt too wide) in paragraph at lines 1200--1209
\OT1/cmr/m/n/10.95 project script, use the fol-low-ing im-port state-ment: []
 []


Underfull \hbox (badness 10000) in paragraph at lines 1200--1209

 []

runsystem(pygmentize -l python -f latex -F tokenmerge             -P "verboptio
ns= " -o project_suite_user_guide.out.pyg project_suite_user_guide.pyg)...execu
ted.

(./project_suite_user_guide.out.pyg)
runsystem(rm project_suite_user_guide.out.pyg)...executed.

runsystem(rm project_suite_user_guide.pyg)...executed.

LaTeX Font Info:    Font shape `OT1/cmtt/bx/n' in size <12> not available
(Font)              Font shape `OT1/cmtt/m/n' tried instead on input line 1213.

\openout4 = `project_suite_user_guide.pyg'.


Underfull \hbox (badness 10000) in paragraph at lines 1214--1220

 []

runsystem(pygmentize -l python -f latex -F tokenmerge             -P "verboptio
ns= " -o project_suite_user_guide.out.pyg project_suite_user_guide.pyg)...execu
ted.

(./project_suite_user_guide.out.pyg)
runsystem(rm project_suite_user_guide.out.pyg)...executed.

runsystem(rm project_suite_user_guide.pyg)...executed.

\openout4 = `project_suite_user_guide.pyg'.


Underfull \hbox (badness 10000) in paragraph at lines 1229--1236

 []

[23

]
runsystem(pygmentize -l python -f latex -F tokenmerge             -P "verboptio
ns= " -o project_suite_user_guide.out.pyg project_suite_user_guide.pyg)...execu
ted.

 (./project_suite_user_guide.out.pyg)
runsystem(rm project_suite_user_guide.out.pyg)...executed.

runsystem(rm project_suite_user_guide.pyg)...executed.


Overfull \vbox (11.56252pt too high) has occurred while \output is active []


[24]

Package hyperref Warning: Token not allowed in a PDF string (PDFDocEncoding):
(hyperref)                removing `\\' on input line 1352.


Package xcolor Warning: Incompatible color definition on input line 1359.

[25

]
Overfull \vbox (11.56252pt too high) has occurred while \output is active []


[26]
Overfull \vbox (11.56252pt too high) has occurred while \output is active []


[27]
Overfull \vbox (11.56252pt too high) has occurred while \output is active []


[28]
Overfull \hbox (1.56487pt too wide) in paragraph at lines 1582--1587
\OT1/cmr/m/n/10.95 ter of the \OT1/cmtt/m/n/10.95 dmc \OT1/cmr/m/n/10.95 con-ve
-nience func-tion (which is of-ten used in con-juc-tion with the \OT1/cmtt/m/n/
10.95 standard[]qmc\OT1/cmr/m/n/10.95 ,
 []


Overfull \vbox (11.56252pt too high) has occurred while \output is active []


[29]
Overfull \vbox (11.56252pt too high) has occurred while \output is active []


[30]

Package xcolor Warning: Incompatible color definition on input line 1677.


Package xcolor Warning: Incompatible color definition on input line 1683.


Package xcolor Warning: Incompatible color definition on input line 1685.


Overfull \vbox (11.56252pt too high) has occurred while \output is active []


[31]
Overfull \vbox (11.56252pt too high) has occurred while \output is active []


[32]

Package xcolor Warning: Incompatible color definition on input line 1744.


Package xcolor Warning: Incompatible color definition on input line 1747.


Package xcolor Warning: Incompatible color definition on input line 1749.


Package xcolor Warning: Incompatible color definition on input line 1750.


Package xcolor Warning: Incompatible color definition on input line 1752.


Package xcolor Warning: Incompatible color definition on input line 1760.


Underfull \hbox (badness 10000) in paragraph at lines 1759--1761

 []


Package xcolor Warning: Incompatible color definition on input line 1769.

[33

]

Package xcolor Warning: Incompatible color definition on input line 1771.


Package xcolor Warning: Incompatible color definition on input line 1772.


Package xcolor Warning: Incompatible color definition on input line 1786.


Package xcolor Warning: Incompatible color definition on input line 1787.


Package xcolor Warning: Incompatible color definition on input line 1788.


Package xcolor Warning: Incompatible color definition on input line 1803.


Package xcolor Warning: Incompatible color definition on input line 1804.


Package xcolor Warning: Incompatible color definition on input line 1805.


Package xcolor Warning: Incompatible color definition on input line 1806.


Package xcolor Warning: Incompatible color definition on input line 1818.


Package xcolor Warning: Incompatible color definition on input line 1819.


Package xcolor Warning: Incompatible color definition on input line 1820.

[34]

Package xcolor Warning: Incompatible color definition on input line 1837.


Package xcolor Warning: Incompatible color definition on input line 1838.


Package xcolor Warning: Incompatible color definition on input line 1839.


Package xcolor Warning: Incompatible color definition on input line 1840.


Overfull \hbox (37.6332pt too wide) in paragraph at lines 1835--1842
 [] 
 []


Package xcolor Warning: Incompatible color definition on input line 1860.


Package xcolor Warning: Incompatible color definition on input line 1861.


Package xcolor Warning: Incompatible color definition on input line 1862.


Package xcolor Warning: Incompatible color definition on input line 1863.


Package xcolor Warning: Incompatible color definition on input line 1866.


Package xcolor Warning: Incompatible color definition on input line 1867.


Overfull \hbox (33.53888pt too wide) in paragraph at lines 1857--1869
 [] 
 []

[35] (./project_suite_user_guide.ind

Package xcolor Warning: Incompatible color definition on input line 3.


Package xcolor Warning: Incompatible color definition on input line 7.


Package xcolor Warning: Incompatible color definition on input line 11.


Package xcolor Warning: Incompatible color definition on input line 15.


Package xcolor Warning: Incompatible color definition on input line 19.


Package xcolor Warning: Incompatible color definition on input line 20.


Package xcolor Warning: Incompatible color definition on input line 21.

[36




])
\tf@toc=\write8
\openout8 = `project_suite_user_guide.toc'.

 (./project_suite_user_guide.aux) ) 
Here is how much of TeX's memory you used:
 9462 strings out of 495061
 130530 string characters out of 1182621
 272431 words of memory out of 3000000
 12414 multiletter control sequences out of 15000+50000
 12133 words of font info for 44 fonts, out of 3000000 for 9000
 28 hyphenation exceptions out of 8191
 43i,18n,38p,254b,480s stack positions out of 5000i,500n,10000p,200000b,50000s
</usr/share/texmf-texlive/fonts/type1/public
/amsfonts/cm/cmbx10.pfb></usr/share/texmf-texlive/fonts/type1/public/amsfonts/c
m/cmbx12.pfb></usr/share/texmf-texlive/fonts/type1/public/amsfonts/cm/cmex10.pf
b></usr/share/texmf-texlive/fonts/type1/public/amsfonts/cm/cmitt10.pfb></usr/sh
are/texmf-texlive/fonts/type1/public/amsfonts/cm/cmmi10.pfb></usr/share/texmf-t
exlive/fonts/type1/public/amsfonts/cm/cmmi6.pfb></usr/share/texmf-texlive/fonts
/type1/public/amsfonts/cm/cmmi8.pfb></usr/share/texmf-texlive/fonts/type1/publi
c/amsfonts/cm/cmr10.pfb></usr/share/texmf-texlive/fonts/type1/public/amsfonts/c
m/cmr6.pfb></usr/share/texmf-texlive/fonts/type1/public/amsfonts/cm/cmr8.pfb></
usr/share/texmf-texlive/fonts/type1/public/amsfonts/cm/cmsl10.pfb></usr/share/t
exmf-texlive/fonts/type1/public/amsfonts/cm/cmsy10.pfb></usr/share/texmf-texliv
e/fonts/type1/public/amsfonts/cm/cmsy8.pfb></usr/share/texmf-texlive/fonts/type
1/public/amsfonts/cm/cmti10.pfb></usr/share/texmf-texlive/fonts/type1/public/am
sfonts/cm/cmtt10.pfb></usr/share/texmf-texlive/fonts/type1/public/amsfonts/cm/c
mtt12.pfb>
Output written on project_suite_user_guide.pdf (39 pages, 330098 bytes).
PDF statistics:
 497 PDF objects out of 1000 (max. 8388607)
 96 named destinations out of 1000 (max. 500000)
 233 words of extra memory for PDF output out of 10000 (max. 10000000)

