
     Program pw2qmcpack v.4.2   starts on 17Jun2014 at 17:21:44 

     This program is part of the open-source Quantum ESPRESSO suite
     for quantum simulation of materials; please acknowledge
         "P. Giannozzi et al., J. Phys.:Condens. Matter 21 395502 (2009);
          URL http://www.quantum-espresso.org", 
     in publications or presentations arising from this work. More details at
     http://www.quantum-espresso.org/wiki/index.php/Citing_Quantum-ESPRESSO

     Parallel version (MPI), running on     1 processors
     file O.BFD.upf: wavefunction(s)  0s 0p renormalized

     Planes per process (thick) : nr3 = 256 npp =  256 ncplane = 65536
 
     Proc/  planes cols     G    planes cols    G      columns  G
     Pool       (dense grid)       (smooth grid)      (wavefct grid)
        1   256  51165  8704035  256  51165  8704035  12785  1088527
 

     XC functional enforced from input :
     Exchange-correlation      = LDA (1100)
     EXX-fraction              =        0.00
     !!! Any further DFT definition will be discarded
     !!! Please, verify this is what you really want !

     EXX fraction changed:   0.00
     EXX Screening parameter changed:    0.0000000
esh5 create q0_output/O.q0.pwscf.h5
Creating electrons
     1    0.000000000000000    0.000000000000000    0.000000000000000
esh5_write_gvectors number_of_gvectors 1088527
 PW2QMCPACK npw=     1088527 ngtot=     1088527
 PW2QMCPACK ik=           1
