Determining if the function sgemm_ exists failed with the following output:
Change Dir: /home/correaa/prj/inq/external_libs/multi/adaptors/cuda/build/CMakeFiles/CMakeTmp

Run Build Command(s):/usr/bin/make cmTC_66d94/fast && /usr/bin/make -f CMakeFiles/cmTC_66d94.dir/build.make CMakeFiles/cmTC_66d94.dir/build
make[1]: Entering directory '/home/correaa/prj/inq/external_libs/multi/adaptors/cuda/build/CMakeFiles/CMakeTmp'
Building CXX object CMakeFiles/cmTC_66d94.dir/CheckFunctionExists.cxx.o
/usr/bin/c++    -DCHECK_FUNCTION_EXISTS=sgemm_   -std=c++17 -o CMakeFiles/cmTC_66d94.dir/CheckFunctionExists.cxx.o -c /home/correaa/prj/inq/external_libs/multi/adaptors/cuda/build/CMakeFiles/CheckFunctionExists/CheckFunctionExists.cxx
Linking CXX executable cmTC_66d94
/usr/bin/cmake -E cmake_link_script CMakeFiles/cmTC_66d94.dir/link.txt --verbose=1
/usr/bin/c++   -DCHECK_FUNCTION_EXISTS=sgemm_    CMakeFiles/cmTC_66d94.dir/CheckFunctionExists.cxx.o  -o cmTC_66d94 
/usr/bin/ld: CMakeFiles/cmTC_66d94.dir/CheckFunctionExists.cxx.o: in function `main':
CheckFunctionExists.cxx:(.text+0x14): undefined reference to `sgemm_'
collect2: error: ld returned 1 exit status
make[1]: *** [CMakeFiles/cmTC_66d94.dir/build.make:87: cmTC_66d94] Error 1
make[1]: Leaving directory '/home/correaa/prj/inq/external_libs/multi/adaptors/cuda/build/CMakeFiles/CMakeTmp'
make: *** [Makefile:121: cmTC_66d94/fast] Error 2



Performing C++ SOURCE FILE Test CMAKE_HAVE_LIBC_PTHREAD failed with the following output:
Change Dir: /home/correaa/prj/inq/external_libs/multi/adaptors/cuda/build/CMakeFiles/CMakeTmp

Run Build Command(s):/usr/bin/make cmTC_faf38/fast && /usr/bin/make -f CMakeFiles/cmTC_faf38.dir/build.make CMakeFiles/cmTC_faf38.dir/build
make[1]: Entering directory '/home/correaa/prj/inq/external_libs/multi/adaptors/cuda/build/CMakeFiles/CMakeTmp'
Building CXX object CMakeFiles/cmTC_faf38.dir/src.cxx.o
/usr/bin/c++    -DCMAKE_HAVE_LIBC_PTHREAD   -std=c++17 -o CMakeFiles/cmTC_faf38.dir/src.cxx.o -c /home/correaa/prj/inq/external_libs/multi/adaptors/cuda/build/CMakeFiles/CMakeTmp/src.cxx
Linking CXX executable cmTC_faf38
/usr/bin/cmake -E cmake_link_script CMakeFiles/cmTC_faf38.dir/link.txt --verbose=1
/usr/bin/c++   -DCMAKE_HAVE_LIBC_PTHREAD    CMakeFiles/cmTC_faf38.dir/src.cxx.o  -o cmTC_faf38 
/usr/bin/ld: CMakeFiles/cmTC_faf38.dir/src.cxx.o: in function `main':
src.cxx:(.text+0x46): undefined reference to `pthread_create'
/usr/bin/ld: src.cxx:(.text+0x52): undefined reference to `pthread_detach'
/usr/bin/ld: src.cxx:(.text+0x63): undefined reference to `pthread_join'
collect2: error: ld returned 1 exit status
make[1]: *** [CMakeFiles/cmTC_faf38.dir/build.make:87: cmTC_faf38] Error 1
make[1]: Leaving directory '/home/correaa/prj/inq/external_libs/multi/adaptors/cuda/build/CMakeFiles/CMakeTmp'
make: *** [Makefile:121: cmTC_faf38/fast] Error 2


Source file was:
#include <pthread.h>

void* test_func(void* data)
{
  return data;
}

int main(void)
{
  pthread_t thread;
  pthread_create(&thread, NULL, test_func, NULL);
  pthread_detach(thread);
  pthread_join(thread, NULL);
  pthread_atfork(NULL, NULL, NULL);
  pthread_exit(NULL);

  return 0;
}

Determining if the function pthread_create exists in the pthreads failed with the following output:
Change Dir: /home/correaa/prj/inq/external_libs/multi/adaptors/cuda/build/CMakeFiles/CMakeTmp

Run Build Command(s):/usr/bin/make cmTC_57adf/fast && /usr/bin/make -f CMakeFiles/cmTC_57adf.dir/build.make CMakeFiles/cmTC_57adf.dir/build
make[1]: Entering directory '/home/correaa/prj/inq/external_libs/multi/adaptors/cuda/build/CMakeFiles/CMakeTmp'
Building CXX object CMakeFiles/cmTC_57adf.dir/CheckFunctionExists.cxx.o
/usr/bin/c++    -DCHECK_FUNCTION_EXISTS=pthread_create   -std=c++17 -o CMakeFiles/cmTC_57adf.dir/CheckFunctionExists.cxx.o -c /home/correaa/prj/inq/external_libs/multi/adaptors/cuda/build/CMakeFiles/CheckLibraryExists/CheckFunctionExists.cxx
Linking CXX executable cmTC_57adf
/usr/bin/cmake -E cmake_link_script CMakeFiles/cmTC_57adf.dir/link.txt --verbose=1
/usr/bin/c++   -DCHECK_FUNCTION_EXISTS=pthread_create    CMakeFiles/cmTC_57adf.dir/CheckFunctionExists.cxx.o  -o cmTC_57adf  -lpthreads 
/usr/bin/ld: cannot find -lpthreads
collect2: error: ld returned 1 exit status
make[1]: *** [CMakeFiles/cmTC_57adf.dir/build.make:87: cmTC_57adf] Error 1
make[1]: Leaving directory '/home/correaa/prj/inq/external_libs/multi/adaptors/cuda/build/CMakeFiles/CMakeTmp'
make: *** [Makefile:121: cmTC_57adf/fast] Error 2



