
     Program pw2qmcpack v.5.0   starts on 27May2016 at 19:10:47 

     This program is part of the open-source Quantum ESPRESSO suite
     for quantum simulation of materials; please cite
         "P. Giannozzi et al., J. Phys.:Condens. Matter 21 395502 (2009);
          URL http://www.quantum-espresso.org", 
     in publications or presentations arising from this work. More details at
     http://www.quantum-espresso.org/quote.php

     Parallel version (MPI), running on     1 processors

   Info: using nr1, nr2, nr3 values from input

   Info: using nr1s, nr2s, nr3s values from input
 exclusive time read pseudo (s) 0.000000000000000000E+00

     IMPORTANT: XC functional enforced from input :
     Exchange-correlation      = LDA ( 1 1 0 0 0)
     EXX-fraction              =        0.00
     Any further DFT definition will be discarded
     Please, verify this is what you really want

               file O.BFD.upf: wavefunction(s)  0s 0p renormalized
 
     G-vector sticks info
     --------------------
     sticks:   dense  smooth     PW     G-vecs:    dense   smooth      PW
     Sum       22733   22733   5689              2578383  2578383  322453
 
 exclusive time read charge density (s) 2.94999999999999929
 exclusive time fft charge density (s) 4.55999999999999872
 exclusive time read wave function (s) 4.02999999999999758
 inclusive time in read_file_lite (s) 21.5800000000000018
esh5 create pwscf_output/pwscf.pwscf.h5
 inclusive time in big loop (s) 3.50000000000000000
 inclusive time in compute_qmcpack (s) 5.61999999999999744
