Index of ion charge 0
Index of valence charge 1
SPIN MULTIPLICITY: 1
NUMBER OF ATOMS: 3
Spin Restricted MOs
NUMBER OF MOs: 57
Found ECP for atom 0 with zcore 2
Found ECP for atom 1 with zcore 0
Found ECP for atom 2 with zcore 0
usingECP: yes
Using ECP.
Number of electrons: 8
Number of alpha electrons: 4
Number of beta electrons: 4
0:1.253460000000e-01 5.574095889400e-02 1 S
0:2.680220000000e-01 3.048477751890e-01 2 S
0:5.730980000000e-01 4.537516653790e-01 3 S
0:1.225429000000e+00 2.959257817680e-01 4 S
0:2.620277000000e+00 1.956698557000e-02 5 S
0:5.602818000000e+00 -1.286269051440e-01 6 S
0:1.198024500000e+01 1.202399113300e-02 7 S
0:2.561680100000e+01 4.069997000000e-04 8 S
0:5.477521600000e+01 -7.599994400000e-05 9 S
0:1.686633000000e+00 1.000000000000e+00 1 S
0:2.379970000000e-01 1.000000000000e+00 1 S
0:8.359800000000e-02 4.495798060300e-02 1 P
0:1.670170000000e-01 1.501749352080e-01 2 P
0:3.336730000000e-01 2.559988895500e-01 3 P
0:6.666270000000e-01 2.818788783850e-01 4 P
0:1.331816000000e+00 2.428348952300e-01 5 P
0:2.660761000000e+00 1.611339304790e-01 6 P
0:5.315785000000e+00 8.230796448900e-02 7 P
0:1.062010800000e+01 3.989898278600e-02 8 P
0:2.121731800000e+01 4.678997981000e-03 9 P
0:1.846960000000e-01 1.000000000000e+00 1 P
0:6.006210000000e-01 1.000000000000e+00 1 P
0:6.693400000000e-01 1.000000000000e+00 1 D
0:2.404278000000e+00 1.000000000000e+00 1 D
0:1.423104000000e+00 1.000000000000e+00 1 F
1:8.700887800000e+00 6.271822462700e-02 1 S
1:1.955520500000e+00 2.619585423470e-01 2 S
1:5.590436000000e-01 7.570104581320e-01 3 S
1:1.649254000000e-01 1.000000000000e+00 1 S
1:3.206250000000e-02 1.000000000000e+00 1 S
1:7.900744000000e-01 1.000000000000e+00 1 P
1:1.523514000000e-01 1.000000000000e+00 1 P
1:8.838179000000e-01 1.000000000000e+00 1 D
Reading 57 orbitals from file.
Reading INITIAL GUESS ORBITALS output. 
Finished reading MO.
Found GUGA ROW TABLE, reading CSF.
# core, #active, #external: 0 34 0
Done reading csf coefficients.
Found: 234 CSFs.
Done reading csf expansion.
 QMCGaussianParserBase::dump 
Total number atoms 3
Adding Two-Body and One-Body jastrows with rcut="10" and size="10"
Adding Three-Body rcut="10". 
